<?xml version="1.0" encoding="UTF-8"?>
<!-- Generated by org.testng.reporters.JUnitReportReporter -->
<testsuite hostname="kaustubh009" failures="0" tests="6" name="RunnerTest.TestRunner" time="1.712" errors="0" timestamp="2023-08-20T15:52:20 IST" skipped="0">
  <testcase classname="RunnerTest.TestRunner" name="runScenario" time="0.058"/>
  <system-out/>
  <testcase classname="RunnerTest.TestRunner" name="runScenario" time="1.471"/>
  <system-out/>
  <testcase classname="RunnerTest.TestRunner" name="runScenario" time="0.044"/>
  <system-out/>
  <testcase classname="RunnerTest.TestRunner" name="runScenario" time="0.060"/>
  <system-out/>
  <testcase classname="RunnerTest.TestRunner" name="runScenario" time="0.032"/>
  <system-out/>
  <testcase classname="RunnerTest.TestRunner" name="runScenario" time="0.047"/>
  <system-out/>
</testsuite> <!-- RunnerTest.TestRunner -->
